<?xml version="1.0" encoding="UTF-8"?>
<!-- Generated by org.testng.reporters.JUnitXMLReporter -->
<testsuite ignored="0" hostname="DESKTOP-R7G9QQD" failures="0" tests="5" name="Default test" time="69.252" errors="0" timestamp="2020-04-03T20:28:55 CEST">
  <testcase classname="tests.HomeTest" name="openHomePage" time="22.919"/>
  <testcase classname="tests.HomeTest" name="navigateHomePage" time="1.951"/>
  <testcase classname="tests.HomeTest" name="testSumDresfromWomen" time="7.147"/>
  <testcase classname="tests.HomeTest" name="testSumDresfromDresses" time="3.321"/>
  <testcase classname="tests.HomeTest" name="compareSumDres" time="8.788"/>
</testsuite> <!-- Default test -->
