<?xml version="1.0" encoding="UTF-8"?>
<!-- Generated by org.testng.reporters.JUnitXMLReporter -->
<testsuite ignored="0" hostname="DESKTOP-R7G9QQD" failures="0" tests="26" name="Test" time="266.535" errors="0" timestamp="2020-04-03T19:11:38 CEST">
  <testcase classname="tests.HomeTest" name="openHomePage" time="15.628"/>
  <testcase classname="tests.HomeTest" name="navigateHomePage" time="2.84"/>
  <testcase classname="tests.HomeTest" name="testSumDresfromWomen" time="8.482"/>
  <testcase classname="tests.HomeTest" name="testSumDresfromDresses" time="2.979"/>
  <testcase classname="tests.HomeTest" name="compareSumDres" time="6.561"/>
  <testcase classname="tests.TestSummerDresses" name="navigateSumDressesPage" time="9.255"/>
  <testcase classname="tests.TestSummerDresses" name="openSummerDressesPage" time="1.766"/>
  <testcase classname="tests.TestSummerDresses" name="testChooseDress" time="3.649"/>
  <testcase classname="tests.DressTest" name="openDressPage" time="8.923"/>
  <testcase classname="tests.DressTest" name="navigateToDressPage" time="3.372"/>
  <testcase classname="tests.DressTest" name="testInputQuantity" time="0.345"/>
  <testcase classname="tests.DressTest" name="testChooseSize" time="0.376"/>
  <testcase classname="tests.DressTest" name="testChooseColor" time="0.229"/>
  <testcase classname="tests.DressTest" name="testAddToCart" time="3.495"/>
  <testcase classname="tests.DressTest" name="testProceedToCheckout" time="3.95"/>
  <testcase classname="tests.TestShoppingCart" name="testCartItemsNmbr" time="0.161"/>
  <testcase classname="tests.TestShoppingCart" name="testProductName" time="0.054"/>
  <testcase classname="tests.TestShoppingCart" name="testProductSKU" time="0.046"/>
  <testcase classname="tests.TestShoppingCart" name="testProductColorSize" time="0.045"/>
  <testcase classname="tests.TestShoppingCart" name="testProductQuantity" time="0.043"/>
  <testcase classname="tests.TestShoppingCart" name="testCheckoutBtn" time="2.758"/>
  <testcase classname="tests.TestRegistration" name="testRegistrationFromExcelFile" time="22.906"/>
  <testcase classname="tests.TestRegistrationSingleUserfromCart" name="testEmailField" time="0.578"/>
  <testcase classname="tests.TestRegistrationSingleUserfromCart" name="testCreateAccountBtn" time="0.176"/>
  <testcase classname="tests.TestRegistrationSingleUserfromCart" name="SingleUserRegisterTest" time="9.335"/>
  <testcase classname="tests.LogInTest" name="testLogInFromExcelFile" time="11.1"/>
</testsuite> <!-- Test -->
