<?xml version="1.0" encoding="UTF-8"?>
<testng-results ignored="0" total="5" passed="5" failed="0" skipped="0">
  <reporter-output>
  </reporter-output>
  <suite started-at="2020-04-03T20:27:43 CEST" name="Default suite" finished-at="2020-04-03T20:28:52 CEST" duration-ms="69252">
    <groups>
    </groups>
    <test started-at="2020-04-03T20:27:43 CEST" name="Default test" finished-at="2020-04-03T20:28:52 CEST" duration-ms="69252">
      <class name="tests.HomeTest">
        <test-method is-config="true" signature="welcome()[pri:0, instance:tests.HomeTest@1ffe63b9]" started-at="2020-04-03T20:27:42 CEST" name="welcome" finished-at="2020-04-03T20:27:43 CEST" duration-ms="13" status="PASS">
          <reporter-output>
          </reporter-output>
        </test-method> <!-- welcome -->
        <test-method is-config="true" signature="createDriver()[pri:0, instance:tests.HomeTest@1ffe63b9]" started-at="2020-04-03T20:27:43 CEST" name="createDriver" finished-at="2020-04-03T20:28:03 CEST" duration-ms="20285" status="PASS">
          <reporter-output>
          </reporter-output>
        </test-method> <!-- createDriver -->
        <test-method signature="openHomePage()[pri:1, instance:tests.HomeTest@1ffe63b9]" started-at="2020-04-03T20:28:03 CEST" name="openHomePage" finished-at="2020-04-03T20:28:26 CEST" duration-ms="22919" status="PASS">
          <reporter-output>
          </reporter-output>
        </test-method> <!-- openHomePage -->
        <test-method signature="navigateHomePage()[pri:2, instance:tests.HomeTest@1ffe63b9]" started-at="2020-04-03T20:28:26 CEST" name="navigateHomePage" finished-at="2020-04-03T20:28:28 CEST" duration-ms="1951" status="PASS">
          <reporter-output>
          </reporter-output>
        </test-method> <!-- navigateHomePage -->
        <test-method signature="testSumDresfromWomen()[pri:3, instance:tests.HomeTest@1ffe63b9]" started-at="2020-04-03T20:28:28 CEST" name="testSumDresfromWomen" finished-at="2020-04-03T20:28:35 CEST" duration-ms="7147" status="PASS">
          <reporter-output>
          </reporter-output>
        </test-method> <!-- testSumDresfromWomen -->
        <test-method signature="testSumDresfromDresses()[pri:4, instance:tests.HomeTest@1ffe63b9]" started-at="2020-04-03T20:28:35 CEST" name="testSumDresfromDresses" finished-at="2020-04-03T20:28:38 CEST" duration-ms="3321" status="PASS">
          <reporter-output>
          </reporter-output>
        </test-method> <!-- testSumDresfromDresses -->
        <test-method signature="compareSumDres()[pri:5, instance:tests.HomeTest@1ffe63b9]" started-at="2020-04-03T20:28:38 CEST" name="compareSumDres" finished-at="2020-04-03T20:28:47 CEST" duration-ms="8788" status="PASS">
          <reporter-output>
          </reporter-output>
        </test-method> <!-- compareSumDres -->
        <test-method is-config="true" signature="closeChrome()[pri:0, instance:tests.HomeTest@1ffe63b9]" started-at="2020-04-03T20:28:47 CEST" name="closeChrome" finished-at="2020-04-03T20:28:52 CEST" duration-ms="4477" status="PASS">
          <reporter-output>
          </reporter-output>
        </test-method> <!-- closeChrome -->
        <test-method is-config="true" signature="goodbye()[pri:0, instance:tests.HomeTest@1ffe63b9]" started-at="2020-04-03T20:28:56 CEST" name="goodbye" finished-at="2020-04-03T20:28:56 CEST" duration-ms="1" status="PASS">
          <reporter-output>
          </reporter-output>
        </test-method> <!-- goodbye -->
      </class> <!-- tests.HomeTest -->
    </test> <!-- Default test -->
  </suite> <!-- Default suite -->
</testng-results>
